2019-11-28T06:06:46.469Z - normal: Load ~/.CocosCreator/settings.json
2019-11-28T06:06:46.510Z - normal: Initializing Asset Database
2019-11-28T06:06:46.511Z - normal: checking language setting...
2019-11-28T06:06:46.511Z - normal: Language: en
2019-11-28T06:06:46.931Z - success: preview server running at http://localhost:7456
2019-11-28T06:06:46.949Z - success: protocol editor-framework registered
2019-11-28T06:06:46.950Z - success: protocol app registered
2019-11-28T06:06:46.950Z - success: protocol theme registered
2019-11-28T06:06:46.950Z - success: protocol packages registered
2019-11-28T06:06:46.950Z - success: protocol uuid registerred
2019-11-28T06:06:46.950Z - success: protocol db registerred
2019-11-28T06:06:46.950Z - success: protocol thumbnail registerred
2019-11-28T06:06:46.950Z - success: protocol unpack registerred
2019-11-28T06:06:46.950Z - success: protocol disable-commonjs registerred
2019-11-28T06:06:48.450Z - normal: connected!
2019-11-28T06:06:48.451Z - normal: Check project /Volumes/C/Test/HelloWorld_1/HelloWold
2019-11-28T06:06:48.453Z - normal: Initializing project /Volumes/C/Test/HelloWorld_1/HelloWold
2019-11-28T06:06:48.646Z - normal: Initializing Cocos2d
2019-11-28T06:06:48.954Z - normal: Initializing engine extends
2019-11-28T06:06:49.021Z - success: adapters loaded
2019-11-28T06:06:49.034Z - success: asset-db-debugger loaded
2019-11-28T06:06:49.096Z - success: fb-audience-network loaded
2019-11-28T06:06:49.120Z - success: fb-live-stream loaded
2019-11-28T06:06:49.122Z - success: google-play-instant loaded
2019-11-28T06:06:49.125Z - success: huawei-runtime loaded
2019-11-28T06:06:49.268Z - success: cpk-publish loaded
2019-11-28T06:06:49.272Z - success: jsb-adapter loaded
2019-11-28T06:06:49.276Z - success: oppo-runtime loaded
2019-11-28T06:06:49.287Z - success: package-manager loaded
2019-11-28T06:06:49.288Z - success: runtime-dev-tools loaded
2019-11-28T06:06:49.301Z - success: sdkbox loaded
2019-11-28T06:06:49.310Z - success: ui-kit-preview-extra loaded
2019-11-28T06:06:49.319Z - success: ui-kit-preview loaded
2019-11-28T06:06:49.323Z - success: vivo-runtime loaded
2019-11-28T06:06:49.324Z - success: alipay-minigame loaded
2019-11-28T06:06:49.375Z - success: assets loaded
2019-11-28T06:06:49.380Z - success: baidugame-opendata loaded
2019-11-28T06:06:49.381Z - success: baidugame loaded
2019-11-28T06:06:49.390Z - success: builder loaded
2019-11-28T06:06:49.496Z - success: cocos-services loaded
2019-11-28T06:06:49.505Z - success: console loaded
2019-11-28T06:06:49.514Z - success: fb-instant-games loaded
2019-11-28T06:06:49.523Z - success: game-window loaded
2019-11-28T06:06:49.524Z - success: google-instant-games loaded
2019-11-28T06:06:49.534Z - success: hierarchy loaded
2019-11-28T06:06:49.543Z - success: inspector loaded
2019-11-28T06:06:49.544Z - success: keystore loaded
2019-11-28T06:06:49.554Z - success: node-library loaded
2019-11-28T06:06:49.555Z - success: open-recent-items loaded
2019-11-28T06:06:49.556Z - success: package-asset loaded
2019-11-28T06:06:49.559Z - success: preferences loaded
2019-11-28T06:06:49.569Z - success: project-exporter loaded
2019-11-28T06:06:49.579Z - success: project-importer loaded
2019-11-28T06:06:49.587Z - success: project-settings loaded
2019-11-28T06:06:49.597Z - success: scene loaded
2019-11-28T06:06:49.598Z - success: simulator-debugger loaded
2019-11-28T06:06:49.599Z - success: sprite-editor loaded
2019-11-28T06:06:49.607Z - success: store loaded
2019-11-28T06:06:49.619Z - success: timeline loaded
2019-11-28T06:06:49.621Z - success: wechatgame-opendata loaded
2019-11-28T06:06:49.624Z - success: wechatgame loaded
2019-11-28T06:06:49.626Z - success: xiaomi-runtime loaded
2019-11-28T06:06:51.967Z - normal: Loading packages
2019-11-28T06:06:51.970Z - normal: Watching packages
2019-11-28T06:06:52.037Z - normal: Run Application
2019-11-28T06:06:55.242Z - info: Cocos Services load base data!
